2021-08-02 03:04:13,487 INFO org.springframework.boot.StartupInfoLogger [main] Starting PastamaniaServiceApplication on ep-Inspiron-5584 with PID 21190 (/opt/project/Java/personal/MY-PROJECT/pastamenia-service/target/classes started by nuwan in /opt/project/Java/personal/MY-PROJECT/pastamenia-service)
2021-08-02 03:04:13,490 INFO org.springframework.boot.SpringApplication [main] The following profiles are active: local
2021-08-02 03:04:14,181 INFO org.springframework.data.repository.config.RepositoryConfigurationDelegate [main] Bootstrapping Spring Data JPA repositories in DEFAULT mode.
2021-08-02 03:04:14,199 INFO org.springframework.data.repository.config.RepositoryConfigurationDelegate [main] Finished Spring Data repository scanning in 11ms. Found 0 JPA repository interfaces.
2021-08-02 03:04:14,580 INFO org.springframework.boot.web.embedded.tomcat.TomcatWebServer [main] Tomcat initialized with port(s): 10001 (http)
2021-08-02 03:04:14,587 INFO org.apache.juli.logging.DirectJDKLog [main] Initializing ProtocolHandler ["http-nio-10001"]
2021-08-02 03:04:14,588 INFO org.apache.juli.logging.DirectJDKLog [main] Starting service [Tomcat]
2021-08-02 03:04:14,588 INFO org.apache.juli.logging.DirectJDKLog [main] Starting Servlet engine: [Apache Tomcat/9.0.31]
2021-08-02 03:04:14,674 INFO org.apache.juli.logging.DirectJDKLog [main] Initializing Spring embedded WebApplicationContext
2021-08-02 03:04:14,674 INFO org.springframework.boot.web.servlet.context.ServletWebServerApplicationContext [main] Root WebApplicationContext: initialization completed in 1149 ms
2021-08-02 03:04:14,796 INFO org.hibernate.jpa.internal.util.LogHelper [main] HHH000204: Processing PersistenceUnitInfo [name: default]
2021-08-02 03:04:14,850 INFO org.hibernate.Version [main] HHH000412: Hibernate ORM core version 5.4.12.Final
2021-08-02 03:04:14,950 INFO org.hibernate.annotations.common.reflection.java.JavaReflectionManager [main] HCANN000001: Hibernate Commons Annotations {5.1.0.Final}
2021-08-02 03:04:15,231 INFO com.zaxxer.hikari.HikariDataSource [main] HikariPool-1 - Starting...
2021-08-02 03:04:15,652 INFO com.zaxxer.hikari.HikariDataSource [main] HikariPool-1 - Start completed.
2021-08-02 03:04:15,667 INFO org.hibernate.dialect.Dialect [main] HHH000400: Using dialect: org.hibernate.dialect.MySQL57Dialect
2021-08-02 03:04:16,622 INFO org.hibernate.engine.transaction.jta.platform.internal.JtaPlatformInitiator [main] HHH000490: Using JtaPlatform implementation: [org.hibernate.engine.transaction.jta.platform.internal.NoJtaPlatform]
2021-08-02 03:04:16,625 INFO org.springframework.orm.jpa.AbstractEntityManagerFactoryBean [main] Initialized JPA EntityManagerFactory for persistence unit 'default'
2021-08-02 03:04:16,756 INFO org.springframework.scheduling.concurrent.ExecutorConfigurationSupport [main] Initializing ExecutorService 'applicationTaskExecutor'
2021-08-02 03:04:16,931 INFO org.apache.juli.logging.DirectJDKLog [main] Starting ProtocolHandler ["http-nio-10001"]
2021-08-02 03:04:16,948 INFO org.springframework.boot.web.embedded.tomcat.TomcatWebServer [main] Tomcat started on port(s): 10001 (http) with context path ''
2021-08-02 03:04:16,951 INFO org.springframework.boot.StartupInfoLogger [main] Started PastamaniaServiceApplication in 3.867 seconds (JVM running for 4.317)
2021-08-02 03:04:23,616 INFO org.springframework.scheduling.concurrent.ExecutorConfigurationSupport [SpringContextShutdownHook] Shutting down ExecutorService 'applicationTaskExecutor'
2021-08-02 03:04:23,616 INFO org.springframework.orm.jpa.AbstractEntityManagerFactoryBean [SpringContextShutdownHook] Closing JPA EntityManagerFactory for persistence unit 'default'
2021-08-02 03:04:23,619 INFO com.zaxxer.hikari.HikariDataSource [SpringContextShutdownHook] HikariPool-1 - Shutdown initiated...
2021-08-02 03:04:23,626 INFO com.zaxxer.hikari.HikariDataSource [SpringContextShutdownHook] HikariPool-1 - Shutdown completed.
